<?xml version="1.0" encoding="UTF-8"?>
<!-- Generated by org.testng.reporters.JUnitReportReporter -->
<testsuite skipped="0" hostname="Manjunatha-CG" name="prgms.Demo1" tests="3" failures="0" timestamp="10 Sep 2022 16:42:33 GMT" time="0.016" errors="0">
  <testcase name="test5" time="0.006" classname="prgms.Demo1"/>
  <testcase name="test1" time="0.009" classname="prgms.Demo1"/>
  <testcase name="test2" time="0.001" classname="prgms.Demo1"/>
</testsuite> <!-- prgms.Demo1 -->
