<?xml version="1.0" encoding="UTF-8"?>
<!-- Generated by org.testng.reporters.JUnitReportReporter -->
<testsuite skipped="1" hostname="Manjunatha-CG" name="ng_prgms.Invocation_01" tests="8" failures="0" timestamp="09 Sep 2022 17:59:17 GMT" time="0.006" errors="0">
  <testcase name="test4" time="0.001" classname="ng_prgms.Invocation_01"/>
  <testcase name="test2" time="0.001" classname="ng_prgms.Invocation_01"/>
  <testcase name="test1" time="0.001" classname="ng_prgms.Invocation_01"/>
  <testcase name="test1" time="0.001" classname="ng_prgms.Invocation_01"/>
  <testcase name="test1" time="0.001" classname="ng_prgms.Invocation_01"/>
  <testcase name="test1" time="0.001" classname="ng_prgms.Invocation_01"/>
  <testcase name="test1" time="0.000" classname="ng_prgms.Invocation_01"/>
  <testcase name="test3" classname="ng_prgms.Invocation_01">
    <skipped/>
  </testcase> <!-- test3 -->
</testsuite> <!-- ng_prgms.Invocation_01 -->
