<?xml version="1.0" encoding="UTF-8"?>
<!-- Generated by org.testng.reporters.JUnitReportReporter -->
<testsuite skipped="0" hostname="Manjunatha-CG" name="ng_prgms.ngdemo1" tests="2" failures="0" timestamp="09 Sep 2022 17:59:17 GMT" time="0.001" errors="0">
  <testcase name="test2" time="0.001" classname="ng_prgms.ngdemo1"/>
  <testcase name="test1" time="0.000" classname="ng_prgms.ngdemo1"/>
</testsuite> <!-- ng_prgms.ngdemo1 -->
