<?xml version="1.0" encoding="UTF-8"?>
<!-- Generated by org.testng.reporters.JUnitReportReporter -->
<testsuite skipped="0" hostname="Manjunatha-CG" name="prgms.Demo2" tests="1" failures="0" timestamp="09 Sep 2022 17:59:17 GMT" time="0.001" errors="0">
  <testcase name="test3" time="0.001" classname="prgms.Demo2"/>
</testsuite> <!-- prgms.Demo2 -->
