<?xml version="1.0" encoding="UTF-8"?>
<!-- Generated by org.testng.reporters.JUnitReportReporter -->
<testsuite hostname="Manjunatha-CG" failures="0" tests="8" name="ng_prgms.Invocation_01" time="0.011" errors="0" timestamp="17 Sep 2022 03:28:59 GMT" skipped="1">
  <testcase classname="ng_prgms.Invocation_01" name="test2" time="0.007"/>
  <testcase classname="ng_prgms.Invocation_01" name="test4" time="0.001"/>
  <testcase classname="ng_prgms.Invocation_01" name="test1" time="0.000"/>
  <testcase classname="ng_prgms.Invocation_01" name="test1" time="0.001"/>
  <testcase classname="ng_prgms.Invocation_01" name="test1" time="0.001"/>
  <testcase classname="ng_prgms.Invocation_01" name="test1" time="0.000"/>
  <testcase classname="ng_prgms.Invocation_01" name="test1" time="0.001"/>
  <testcase classname="ng_prgms.Invocation_01" name="test3">
    <skipped/>
  </testcase> <!-- test3 -->
</testsuite> <!-- ng_prgms.Invocation_01 -->
